<?xml version="1.0" encoding="UTF-8"?>
<!-- Generated by org.testng.reporters.JUnitReportReporter -->
<testsuite hostname="ATMECSINLT-652" name="com.atmecs.qa.automationproject.testscript.ReadEmailinGmail" tests="1" failures="0" timestamp="27 Mar 2020 09:27:52 GMT" time="129.446" errors="0">
  <testcase name="loginIntoApp" time="129.446" classname="com.atmecs.qa.automationproject.testscript.ReadEmailinGmail"/>
</testsuite> <!-- com.atmecs.qa.automationproject.testscript.ReadEmailinGmail -->
