<?xml version="1.0" encoding="UTF-8"?>
<!-- Generated by org.testng.reporters.JUnitReportReporter -->
<testsuite hostname="ATMECSINLT-652" name="com.atmecs.qa.automationproject.testscript.VerifyFirstEmailinGmail" tests="1" failures="0" timestamp="21 Mar 2020 06:19:37 GMT" time="59323.992" errors="0">
  <testcase name="loginIntoGmail" time="59323.992" classname="com.atmecs.qa.automationproject.testscript.VerifyFirstEmailinGmail"/>
</testsuite> <!-- com.atmecs.qa.automationproject.testscript.VerifyFirstEmailinGmail -->
