<?xml version="1.0" encoding="UTF-8"?>
<!-- Generated by org.testng.reporters.JUnitReportReporter -->
<testsuite hostname="ATMECSINLT-652" name="com.atmecs.qa.automationproject.testscript.NewCustomerRegistration" tests="2" failures="0" timestamp="30 Mar 2020 09:09:11 GMT" time="801.095" errors="0">
  <testcase name="RegisteraMember" time="481.454" classname="com.atmecs.qa.automationproject.testscript.NewCustomerRegistration"/>
  <testcase name="RegisteraMember" time="319.641" classname="com.atmecs.qa.automationproject.testscript.NewCustomerRegistration"/>
</testsuite> <!-- com.atmecs.qa.automationproject.testscript.NewCustomerRegistration -->
